<?xml version="1.0" encoding="UTF-8"?>
<testsuite name="com.example.ApplicationTest" tests="1" skipped="0" failures="0" errors="0" timestamp="2023-11-21T19:05:38" hostname="OMNI5CG0269CZR" time="7.239">
  <properties/>
  <testcase name="access non existing endpoint, assert not found" classname="com.example.ApplicationTest" time="7.239"/>
  <system-out><![CDATA[2023-11-21 13:05:39.972 [Test worker @coroutine#1] TRACE io.ktor.client.plugins.HttpPlainText - Adding Accept-Charset=UTF-8 to http:///unknown
2023-11-21 13:05:40.864 [DefaultDispatcher-worker-1 @call-context#2] DEBUG ktor.test - Java Home: C:\Program Files\Java\jdk1.8.0_291
2023-11-21 13:05:40.866 [DefaultDispatcher-worker-1 @call-context#2] DEBUG ktor.test - Class Loader: sun.misc.Launcher$AppClassLoader@73d16e93: [/C:/Users/Noe%20Acuna/.gradle/caches/7.1/workerMain/gradle-worker.jar, /C:/Users/Noe%20Acuna/Documents/Oreilly/DemoServer/build/classes/java/test, /C:/Users/Noe%20Acuna/Documents/Oreilly/DemoServer/build/classes/kotlin/test/, /C:/Users/Noe%20Acuna/Documents/Oreilly/DemoServer/build/resources/test, /C:/Users/Noe%20Acuna/Documents/Oreilly/DemoServer/build/classes/java/main, /C:/Users/Noe%20Acuna/Documents/Oreilly/DemoServer/build/classes/kotlin/main/, /C:/Users/Noe%20Acuna/Documents/Oreilly/DemoServer/build/resources/main/, /C:/Users/Noe%20Acuna/.gradle/caches/modules-2/files-2.1/org.jetbrains.kotlin/kotlin-test-junit/1.9.20/d6868b12c8c41a08f52f76eed2bc0406e89c73bd/kotlin-test-junit-1.9.20.jar, /C:/Users/Noe%20Acuna/.gradle/caches/modules-2/files-2.1/org.jetbrains.kotlin/kotlin-test/1.9.20/3d791df888c66be4edef6312d30f7430fb498435/kotlin-test-1.9.20.jar, /C:/Users/Noe%20Acuna/.gradle/caches/modules-2/files-2.1/io.insert-koin/koin-ktor/3.3.1/92b0214df4d6e18a661553798d1ba43ffe9935b6/koin-ktor-3.3.1.jar, /C:/Users/Noe%20Acuna/.gradle/caches/modules-2/files-2.1/io.insert-koin/koin-logger-slf4j/3.3.1/526376803b0ebbec421454fbb77ecc5d4ce3c17d/koin-logger-slf4j-3.3.1.jar, /C:/Users/Noe%20Acuna/.gradle/caches/modules-2/files-2.1/io.ktor/ktor-server-test-host-jvm/2.3.3/417fce8356e1d98496bc97ad2e0b16da507bc400/ktor-server-test-host-jvm-2.3.3.jar, /C:/Users/Noe%20Acuna/.gradle/caches/modules-2/files-2.1/io.ktor/ktor-client-apache-jvm/2.3.3/6c058108cb152f4c53fa0d264f3fd3d4974a608e/ktor-client-apache-jvm-2.3.3.jar, /C:/Users/Noe%20Acuna/.gradle/caches/modules-2/files-2.1/io.ktor/ktor-client-cio-jvm/2.3.3/4716f657243e2d7f47680a76318a2ba8a9016c54/ktor-client-cio-jvm-2.3.3.jar, /C:/Users/Noe%20Acuna/.gradle/caches/modules-2/files-2.1/io.ktor/ktor-client-core-jvm/2.3.3/2a1c26ea48bd93a91f4dce4bd06875a902e6826f/ktor-client-core-jvm-2.3.3.jar, /C:/Users/Noe%20Acuna/.gradle/caches/modules-2/files-2.1/io.ktor/ktor-server-netty-jvm/2.3.3/10c4fa5586c329a1d4a2182e08fa112f19b6cfe6/ktor-server-netty-jvm-2.3.3.jar, /C:/Users/Noe%20Acuna/.gradle/caches/modules-2/files-2.1/io.ktor/ktor-server-call-logging-jvm/2.3.3/fcd15f8835159a940bf14d11070c03e080946472/ktor-server-call-logging-jvm-2.3.3.jar, /C:/Users/Noe%20Acuna/.gradle/caches/modules-2/files-2.1/io.ktor/ktor-server-websockets-jvm/2.3.3/dc1202a2e950dcc7d0779c6ceda012e92e0d7ff2/ktor-server-websockets-jvm-2.3.3.jar, /C:/Users/Noe%20Acuna/.gradle/caches/modules-2/files-2.1/io.ktor/ktor-websocket-serialization-jvm/2.3.3/d2df285395c2f779f7593f17efe47174736adb7a/ktor-websocket-serialization-jvm-2.3.3.jar, /C:/Users/Noe%20Acuna/.gradle/caches/modules-2/files-2.1/io.ktor/ktor-server-content-negotiation-jvm/2.3.3/9e6b210482329d106d71e2635972cc86c8b49133/ktor-server-content-negotiation-jvm-2.3.3.jar, /C:/Users/Noe%20Acuna/.gradle/caches/modules-2/files-2.1/io.ktor/ktor-server-html-builder-jvm/2.3.3/c016b6a7800c8e1a12d283e151ad103212a36bc7/ktor-server-html-builder-jvm-2.3.3.jar, /C:/Users/Noe%20Acuna/.gradle/caches/modules-2/files-2.1/io.ktor/ktor-server-default-headers-jvm/2.3.3/e19436fb06fd6bbd588589e0713b6830885f048/ktor-server-default-headers-jvm-2.3.3.jar, /C:/Users/Noe%20Acuna/.gradle/caches/modules-2/files-2.1/io.ktor/ktor-server-status-pages-jvm/2.3.3/7ea69f3065393624b7edd7da3e815920ebdd29f3/ktor-server-status-pages-jvm-2.3.3.jar, /C:/Users/Noe%20Acuna/.gradle/caches/modules-2/files-2.1/io.ktor/ktor-server-host-common-jvm/2.3.3/149de36343ee33e0acb6345321d969e5e0f6c729/ktor-server-host-common-jvm-2.3.3.jar, /C:/Users/Noe%20Acuna/.gradle/caches/modules-2/files-2.1/io.ktor/ktor-server-core-jvm/2.3.3/b1290c5a58d55379a372ac0f7a8454e1e44948ac/ktor-server-core-jvm-2.3.3.jar, /C:/Users/Noe%20Acuna/.gradle/caches/modules-2/files-2.1/io.ktor/ktor-serialization-kotlinx-json-jvm/2.3.3/1c01c0011cb1e303ab2b4e197798185efaba16f4/ktor-serialization-kotlinx-json-jvm-2.3.3.jar, /C:/Users/Noe%20Acuna/.gradle/caches/modules-2/files-2.1/io.ktor/ktor-serialization-kotlinx-jvm/2.3.3/7f2b1aaf9b0f3165289aeb383a19861d736326b4/ktor-serialization-kotlinx-jvm-2.3.3.jar, /C:/Users/Noe%20Acuna/.gradle/caches/modules-2/files-2.1/io.ktor/ktor-serialization-jvm/2.3.3/7e0603838dcdf7085fa20d0757bce8bb27ca1034/ktor-serialization-jvm-2.3.3.jar, /C:/Users/Noe%20Acuna/.gradle/caches/modules-2/files-2.1/org.jetbrains.kotlinx/kotlinx-coroutines-debug/1.7.2/6951bd2404997896861a6bcd290376be38f2d8ba/kotlinx-coroutines-debug-1.7.2.jar, /C:/Users/Noe%20Acuna/.gradle/caches/modules-2/files-2.1/io.ktor/ktor-events-jvm/2.3.3/73f2e3b926d207567c914dcca2debd36ecc6bf7a/ktor-events-jvm-2.3.3.jar, /C:/Users/Noe%20Acuna/.gradle/caches/modules-2/files-2.1/io.ktor/ktor-websockets-jvm/2.3.3/5193f2d6c274e67d199499855647546e9d577d44/ktor-websockets-jvm-2.3.3.jar, /C:/Users/Noe%20Acuna/.gradle/caches/modules-2/files-2.1/io.ktor/ktor-http-cio-jvm/2.3.3/bd3c006a8e6af65f01635d0d3fb19415abffb494/ktor-http-cio-jvm-2.3.3.jar, /C:/Users/Noe%20Acuna/.gradle/caches/modules-2/files-2.1/io.ktor/ktor-http-jvm/2.3.3/f4ce54e3682ee143283168126908a2dd41e8fbaf/ktor-http-jvm-2.3.3.jar, /C:/Users/Noe%20Acuna/.gradle/caches/modules-2/files-2.1/io.ktor/ktor-network-tls-certificates-jvm/2.3.3/bcff468c0294e8ce5417e8d58e4e3ec99c4caf2f/ktor-network-tls-certificates-jvm-2.3.3.jar, /C:/Users/Noe%20Acuna/.gradle/caches/modules-2/files-2.1/io.ktor/ktor-network-tls-jvm/2.3.3/f33a91a84f57540fd856dce6f95eefe08d6f74ff/ktor-network-tls-jvm-2.3.3.jar, /C:/Users/Noe%20Acuna/.gradle/caches/modules-2/files-2.1/io.ktor/ktor-test-dispatcher-jvm/2.3.3/b9cea1b09eedea303188168cb439aa31fb881513/ktor-test-dispatcher-jvm-2.3.3.jar, /C:/Users/Noe%20Acuna/.gradle/caches/modules-2/files-2.1/io.ktor/ktor-network-jvm/2.3.3/d4d3c3c7f1e6ea68b2001212ebbd89aee335ff4d/ktor-network-jvm-2.3.3.jar, /C:/Users/Noe%20Acuna/.gradle/caches/modules-2/files-2.1/io.ktor/ktor-utils-jvm/2.3.3/b1ebcc5c5663f0796819811658de4f00329beb6/ktor-utils-jvm-2.3.3.jar, /C:/Users/Noe%20Acuna/.gradle/caches/modules-2/files-2.1/io.ktor/ktor-io-jvm/2.3.3/658141ab0feb140fca8238d101abc570dc41fdb0/ktor-io-jvm-2.3.3.jar, /C:/Users/Noe%20Acuna/.gradle/caches/modules-2/files-2.1/org.jetbrains.kotlinx/kotlinx-coroutines-jdk8/1.7.2/ee47ed284e13d2b1173aa89bdb8f3e6395a87dae/kotlinx-coroutines-jdk8-1.7.2.jar, /C:/Users/Noe%20Acuna/.gradle/caches/modules-2/files-2.1/org.jetbrains.kotlinx/kotlinx-coroutines-core-jvm/1.7.2/27cb5db69aeef59d8cc2a2cc2be4200f26091e72/kotlinx-coroutines-core-jvm-1.7.2.jar, /C:/Users/Noe%20Acuna/.gradle/caches/modules-2/files-2.1/org.jetbrains.kotlinx/kotlinx-coroutines-slf4j/1.7.2/788fbfcfbdb7ee56e140bd3993adf6bc2b9ca748/kotlinx-coroutines-slf4j-1.7.2.jar, /C:/Users/Noe%20Acuna/.gradle/caches/modules-2/files-2.1/io.insert-koin/koin-core-jvm/3.3.3/125216617ea8d01d523c758d638f67a2fba639d5/koin-core-jvm-3.3.3.jar, /C:/Users/Noe%20Acuna/.gradle/caches/modules-2/files-2.1/org.jetbrains.kotlin/kotlin-stdlib-jdk8/1.8.22/b25c86d47d6b962b9cf0f8c3f320c8a10eea3dd1/kotlin-stdlib-jdk8-1.8.22.jar, /C:/Users/Noe%20Acuna/.gradle/caches/modules-2/files-2.1/org.jetbrains.kotlin/kotlin-stdlib-jdk7/1.8.22/4dabb8248310d833bb6a8b516024a91fd3d275c/kotlin-stdlib-jdk7-1.8.22.jar, /C:/Users/Noe%20Acuna/.gradle/caches/modules-2/files-2.1/org.jetbrains.kotlinx/kotlinx-serialization-core-jvm/1.5.1/e26cf5dfbcfe3e82ca196694dfd305753b1a49b9/kotlinx-serialization-core-jvm-1.5.1.jar, /C:/Users/Noe%20Acuna/.gradle/caches/modules-2/files-2.1/org.jetbrains.kotlinx/kotlinx-serialization-json-jvm/1.5.1/21ac91884e0b9462b9106d1a83e5e0d200170c65/kotlinx-serialization-json-jvm-1.5.1.jar, /C:/Users/Noe%20Acuna/.gradle/caches/modules-2/files-2.1/org.jetbrains.kotlinx/kotlinx-html-jvm/0.9.1/1ccf6effe78ca6255ad120fb6d18287e7f602857/kotlinx-html-jvm-0.9.1.jar, /C:/Users/Noe%20Acuna/.gradle/caches/modules-2/files-2.1/org.jetbrains.kotlin/kotlin-reflect/1.8.22/b52be44bc57cb6fd2169a29aefa4507c4e49c858/kotlin-reflect-1.8.22.jar, /C:/Users/Noe%20Acuna/.gradle/caches/modules-2/files-2.1/org.jetbrains.kotlin/kotlin-stdlib/1.9.20/e58b4816ac517e9cc5df1db051120c63d4cde669/kotlin-stdlib-1.9.20.jar, /C:/Users/Noe%20Acuna/.gradle/caches/modules-2/files-2.1/ch.qos.logback/logback-classic/1.2.9/7d495522b08a9a66084bf417e70eedf95ef706bc/logback-classic-1.2.9.jar, /C:/Users/Noe%20Acuna/.gradle/caches/modules-2/files-2.1/org.jetbrains/annotations/23.0.0/8cc20c07506ec18e0834947b84a864bfc094484e/annotations-23.0.0.jar, /C:/Users/Noe%20Acuna/.gradle/caches/modules-2/files-2.1/ch.qos.logback/logback-core/1.2.9/cdaca0cf922c5791a8efa0063ec714ca974affe3/logback-core-1.2.9.jar, /C:/Users/Noe%20Acuna/.gradle/caches/modules-2/files-2.1/org.slf4j/slf4j-api/1.7.36/6c62681a2f655b49963a5983b8b0950a6120ae14/slf4j-api-1.7.36.jar, /C:/Users/Noe%20Acuna/.gradle/caches/modules-2/files-2.1/io.netty/netty-codec-http2/4.1.92.Final/65afd3b26bf167c6e31fa179933fd437a64d0b5f/netty-codec-http2-4.1.92.Final.jar, /C:/Users/Noe%20Acuna/.gradle/caches/modules-2/files-2.1/org.eclipse.jetty.alpn/alpn-api/1.1.3.v20160715/a1bf3a937f91b4c953acd13e8c9552347adc2198/alpn-api-1.1.3.v20160715.jar, /C:/Users/Noe%20Acuna/.gradle/caches/modules-2/files-2.1/io.netty/netty-transport-native-kqueue/4.1.92.Final/9e31d815c9126672df530d6fa08c1063c08ea29c/netty-transport-native-kqueue-4.1.92.Final.jar, /C:/Users/Noe%20Acuna/.gradle/caches/modules-2/files-2.1/io.netty/netty-transport-native-epoll/4.1.92.Final/64a60fa4ba3bfe45c4f02bc9e87b0a7a89fdd71d/netty-transport-native-epoll-4.1.92.Final.jar, /C:/Users/Noe%20Acuna/.gradle/caches/modules-2/files-2.1/org.fusesource.jansi/jansi/2.4.0/321c614f85f1dea6bb08c1817c60d53b7f3552fd/jansi-2.4.0.jar, /C:/Users/Noe%20Acuna/.gradle/caches/modules-2/files-2.1/junit/junit/4.13.2/8ac9e16d933b6fb43bc7f576336b8f4d7eb5ba12/junit-4.13.2.jar, /C:/Users/Noe%20Acuna/.gradle/caches/modules-2/files-2.1/io.netty/netty-codec-http/4.1.92.Final/b91f907a19c6bfb318077951eb28a3dbee8f41fd/netty-codec-http-4.1.92.Final.jar, /C:/Users/Noe%20Acuna/.gradle/caches/modules-2/files-2.1/io.netty/netty-handler/4.1.92.Final/d8e961d89a966c0cdea88105bbb2353408a41d12/netty-handler-4.1.92.Final.jar, /C:/Users/Noe%20Acuna/.gradle/caches/modules-2/files-2.1/io.netty/netty-codec/4.1.92.Final/9496b3d59290edcc6480cbe064f33560873f7484/netty-codec-4.1.92.Final.jar, /C:/Users/Noe%20Acuna/.gradle/caches/modules-2/files-2.1/io.netty/netty-transport-classes-kqueue/4.1.92.Final/eba77dc5bf182acff1db9cef44c423f60aae3468/netty-transport-classes-kqueue-4.1.92.Final.jar, /C:/Users/Noe%20Acuna/.gradle/caches/modules-2/files-2.1/io.netty/netty-transport-classes-epoll/4.1.92.Final/ca149d6a9a028eafcd6b45e3884529d04628fe64/netty-transport-classes-epoll-4.1.92.Final.jar, /C:/Users/Noe%20Acuna/.gradle/caches/modules-2/files-2.1/io.netty/netty-transport-native-unix-common/4.1.92.Final/22364cca56b752abb49fb7972f0f6299b8d6be98/netty-transport-native-unix-common-4.1.92.Final.jar, /C:/Users/Noe%20Acuna/.gradle/caches/modules-2/files-2.1/io.netty/netty-transport/4.1.92.Final/e0cf483b7c04af7207c02a6ff0c861592b09c97a/netty-transport-4.1.92.Final.jar, /C:/Users/Noe%20Acuna/.gradle/caches/modules-2/files-2.1/io.netty/netty-buffer/4.1.92.Final/5ff1ba7ec68c20e635fc0f2b792c38c951f688d6/netty-buffer-4.1.92.Final.jar, /C:/Users/Noe%20Acuna/.gradle/caches/modules-2/files-2.1/io.netty/netty-resolver/4.1.92.Final/fe96e210a4e139cb043d26702792b6098b93b13f/netty-resolver-4.1.92.Final.jar, /C:/Users/Noe%20Acuna/.gradle/caches/modules-2/files-2.1/io.netty/netty-common/4.1.92.Final/66133f9ad31816a227acf3030632903cb9e4c5a2/netty-common-4.1.92.Final.jar, /C:/Users/Noe%20Acuna/.gradle/caches/modules-2/files-2.1/org.hamcrest/hamcrest-core/1.3/42a25dc3219429f0e5d060061f71acb49bf010a0/hamcrest-core-1.3.jar, /C:/Users/Noe%20Acuna/.gradle/caches/modules-2/files-2.1/net.java.dev.jna/jna-platform/5.9.0/c535a5bda553d7d7690356c825010da74b2671b5/jna-platform-5.9.0.jar, /C:/Users/Noe%20Acuna/.gradle/caches/modules-2/files-2.1/net.java.dev.jna/jna/5.9.0/8f503e6d9b500ceff299052d6be75b38c7257758/jna-5.9.0.jar, /C:/Users/Noe%20Acuna/.gradle/caches/modules-2/files-2.1/net.bytebuddy/byte-buddy/1.10.9/2c03f15cd1131692feca93f190ed81412a3de961/byte-buddy-1.10.9.jar, /C:/Users/Noe%20Acuna/.gradle/caches/modules-2/files-2.1/net.bytebuddy/byte-buddy-agent/1.10.9/cbbeffa557e6b1b4cbb181b0782436921c523699/byte-buddy-agent-1.10.9.jar, /C:/Users/Noe%20Acuna/.gradle/caches/modules-2/files-2.1/com.typesafe/config/1.4.2/4c40a633e7994cfb0354244efb6d03fcb11c3ecf/config-1.4.2.jar, /C:/Users/Noe%20Acuna/.gradle/caches/modules-2/files-2.1/org.apache.httpcomponents/httpasyncclient/4.1.5/cd18227f1eb8e9a263286c1d7362ceb24f6f9b32/httpasyncclient-4.1.5.jar, /C:/Users/Noe%20Acuna/.gradle/caches/modules-2/files-2.1/org.apache.httpcomponents/httpcore-nio/4.4.15/85d2b6825d42db909a1474f0ffbd6328429b7a32/httpcore-nio-4.4.15.jar, /C:/Users/Noe%20Acuna/.gradle/caches/modules-2/files-2.1/org.apache.httpcomponents/httpclient/4.5.13/e5f6cae5ca7ecaac1ec2827a9e2d65ae2869cada/httpclient-4.5.13.jar, /C:/Users/Noe%20Acuna/.gradle/caches/modules-2/files-2.1/org.apache.httpcomponents/httpcore/4.4.15/7f2e0c573eaa7a74bac2e89b359e1f73d92a0a1d/httpcore-4.4.15.jar, /C:/Users/Noe%20Acuna/.gradle/caches/modules-2/files-2.1/commons-logging/commons-logging/1.2/4bfc12adfe4842bf07b657f0369c4cb522955686/commons-logging-1.2.jar, /C:/Users/Noe%20Acuna/.gradle/caches/modules-2/files-2.1/commons-codec/commons-codec/1.11/3acb4705652e16236558f0f4f2192cc33c3bd189/commons-codec-1.11.jar, /C:/Program%20Files/Java/jdk1.8.0_291/jre/lib/ext/access-bridge-64.jar, /C:/Program%20Files/Java/jdk1.8.0_291/jre/lib/ext/cldrdata.jar, /C:/Program%20Files/Java/jdk1.8.0_291/jre/lib/ext/dnsns.jar, /C:/Program%20Files/Java/jdk1.8.0_291/jre/lib/ext/jaccess.jar, /C:/Program%20Files/Java/jdk1.8.0_291/jre/lib/ext/jfxrt.jar, /C:/Program%20Files/Java/jdk1.8.0_291/jre/lib/ext/localedata.jar, /C:/Program%20Files/Java/jdk1.8.0_291/jre/lib/ext/nashorn.jar, /C:/Program%20Files/Java/jdk1.8.0_291/jre/lib/ext/sunec.jar, /C:/Program%20Files/Java/jdk1.8.0_291/jre/lib/ext/sunjce_provider.jar, /C:/Program%20Files/Java/jdk1.8.0_291/jre/lib/ext/sunmscapi.jar, /C:/Program%20Files/Java/jdk1.8.0_291/jre/lib/ext/sunpkcs11.jar, /C:/Program%20Files/Java/jdk1.8.0_291/jre/lib/ext/zipfs.jar]
2023-11-21 13:05:40.980 [DefaultDispatcher-worker-1 @call-context#2] DEBUG ktor.test - Watching C:\Users\Noe Acuna\Documents\Oreilly\DemoServer\build\resources\main for changes.
2023-11-21 13:05:40.980 [DefaultDispatcher-worker-1 @call-context#2] DEBUG ktor.test - Watching C:\Users\Noe Acuna\Documents\Oreilly\DemoServer\build\classes\kotlin\main\META-INF for changes.
2023-11-21 13:05:40.980 [DefaultDispatcher-worker-1 @call-context#2] DEBUG ktor.test - Watching C:\Users\Noe Acuna\Documents\Oreilly\DemoServer\build\resources\main\images for changes.
2023-11-21 13:05:40.981 [DefaultDispatcher-worker-1 @call-context#2] DEBUG ktor.test - Watching C:\Users\Noe Acuna\Documents\Oreilly\DemoServer\build\classes\kotlin\main\com\example for changes.
2023-11-21 13:05:40.981 [DefaultDispatcher-worker-1 @call-context#2] DEBUG ktor.test - Watching C:\Users\Noe Acuna\Documents\Oreilly\DemoServer\build\classes\kotlin\test\com for changes.
2023-11-21 13:05:40.981 [DefaultDispatcher-worker-1 @call-context#2] DEBUG ktor.test - Watching C:\Users\Noe Acuna\Documents\Oreilly\DemoServer\build\classes\kotlin\main for changes.
2023-11-21 13:05:40.981 [DefaultDispatcher-worker-1 @call-context#2] DEBUG ktor.test - Watching C:\Users\Noe Acuna\Documents\Oreilly\DemoServer\build\classes\kotlin\test\META-INF for changes.
2023-11-21 13:05:40.981 [DefaultDispatcher-worker-1 @call-context#2] DEBUG ktor.test - Watching C:\Users\Noe Acuna\Documents\Oreilly\DemoServer\build\classes\kotlin\main\com for changes.
2023-11-21 13:05:40.981 [DefaultDispatcher-worker-1 @call-context#2] DEBUG ktor.test - Watching C:\Users\Noe Acuna\Documents\Oreilly\DemoServer\build\classes\kotlin\main\com\example\routes for changes.
2023-11-21 13:05:40.982 [DefaultDispatcher-worker-1 @call-context#2] DEBUG ktor.test - Watching C:\Users\Noe Acuna\Documents\Oreilly\DemoServer\build\classes\kotlin\main\com\example\plugins for changes.
2023-11-21 13:05:40.982 [DefaultDispatcher-worker-1 @call-context#2] DEBUG ktor.test - Watching C:\Users\Noe Acuna\Documents\Oreilly\DemoServer\build\classes\kotlin\main\com\example\di for changes.
2023-11-21 13:05:40.982 [DefaultDispatcher-worker-1 @call-context#2] DEBUG ktor.test - Watching C:\Users\Noe Acuna\Documents\Oreilly\DemoServer\build\classes\kotlin\test\com\example for changes.
2023-11-21 13:05:40.982 [DefaultDispatcher-worker-1 @call-context#2] DEBUG ktor.test - Watching C:\Users\Noe Acuna\Documents\Oreilly\DemoServer\build\classes\kotlin\test for changes.
2023-11-21 13:05:40.983 [DefaultDispatcher-worker-1 @call-context#2] DEBUG ktor.test - Watching C:\Users\Noe Acuna\Documents\Oreilly\DemoServer\build\classes\kotlin\main\com\example\repostory for changes.
2023-11-21 13:05:40.984 [DefaultDispatcher-worker-1 @call-context#2] DEBUG ktor.test - Watching C:\Users\Noe Acuna\Documents\Oreilly\DemoServer\build\classes\kotlin\main\com\example\models for changes.
2023-11-21 13:05:40.985 [DefaultDispatcher-worker-1 @call-context#2] DEBUG ktor.test - Watching C:\Users\Noe Acuna\Documents\Oreilly\DemoServer\build\resources\main\static for changes.
2023-11-21 13:05:43.833 [DefaultDispatcher-worker-1 @call-context#2] INFO  [Koin] - loaded 1 definitions in 3.6315 ms
2023-11-21 13:05:44.638 [DefaultDispatcher-worker-1 @call-context#2] INFO  ktor.test - Application started in 3.896 seconds.
2023-11-21 13:05:44.640 [DefaultDispatcher-worker-1 @call-context#2] INFO  ktor.test - Application started: io.ktor.server.application.Application@26709ed
2023-11-21 13:05:44.835 [DefaultDispatcher-worker-1 @request#2] TRACE io.ktor.routing.Routing - Trace for [unknown]
/, segment:0 -> SUCCESS @ /
  /, segment:0 -> SUCCESS @ /
    /(method:GET), segment:0 -> FAILURE "Not all segments matched" @ /(method:GET)
  /boruto, segment:0 -> FAILURE "Selector didn't match" @ /boruto
  /images, segment:0 -> FAILURE "Selector didn't match" @ /images
Matched routes:
  No results
Route resolve result:
  FAILURE "No matched subtrees found" @ /
2023-11-21 13:05:45.035 [DefaultDispatcher-worker-1 @request#2] TRACE i.k.s.p.c.ContentNegotiation - Skipping response body transformation from HttpStatusCode to OutgoingContent for the GET /unknown request because the HttpStatusCode type is ignored. See [ContentNegotiationConfig::ignoreType].
2023-11-21 13:05:45.189 [DefaultDispatcher-worker-1 @request#2] TRACE i.k.s.p.statuspages.StatusPages - Executing (io.ktor.server.application.ApplicationCall, io.ktor.http.content.OutgoingContent, io.ktor.http.HttpStatusCode) -> kotlin.Unit for status code 404 Not Found for call: /unknown
2023-11-21 13:05:45.207 [DefaultDispatcher-worker-1 @request#2] TRACE i.k.s.p.c.ContentNegotiation - Skipping response body transformation from String to OutgoingContent for the GET /unknown request because the String type is ignored. See [ContentNegotiationConfig::ignoreType].
]]></system-out>
  <system-err><![CDATA[]]></system-err>
</testsuite>
